\BOOKMARK [1][-]{section.1}{\376\377\000I\000n\000t\000r\000o\000d\000u\000c\000t\000i\000o\000n}{}% 1
\BOOKMARK [1][-]{section.2}{\376\377\000R\000e\000l\000a\000t\000e\000d\000\040\000W\000o\000r\000k}{}% 2
\BOOKMARK [2][-]{subsection.2.1}{\376\377\000A\000g\000e\000n\000t\000\040\000A\000r\000c\000h\000i\000t\000e\000c\000t\000u\000r\000e\000s\000\040\000a\000n\000d\000\040\000T\000h\000e\000i\000r\000\040\000S\000c\000a\000l\000i\000n\000g\000\040\000P\000r\000o\000p\000e\000r\000t\000i\000e\000s}{section.2}% 3
\BOOKMARK [2][-]{subsection.2.2}{\376\377\000E\000n\000h\000a\000n\000c\000e\000m\000e\000n\000t\000s\000\040\000T\000h\000r\000o\000u\000g\000h\000\040\000C\000o\000l\000l\000a\000b\000o\000r\000a\000t\000i\000o\000n}{section.2}% 4
\BOOKMARK [2][-]{subsection.2.3}{\376\377\000G\000r\000a\000p\000h\000-\000B\000a\000s\000e\000d\000\040\000L\000e\000a\000r\000n\000i\000n\000g\000\040\000i\000n\000\040\000A\000g\000e\000n\000t\000\040\000S\000y\000s\000t\000e\000m\000s}{section.2}% 5
\BOOKMARK [2][-]{subsection.2.4}{\376\377\000M\000o\000d\000e\000l\000\040\000M\000e\000r\000g\000i\000n\000g\000\040\000a\000n\000d\000\040\000E\000v\000o\000l\000u\000t\000i\000o\000n}{section.2}% 6
\BOOKMARK [2][-]{subsection.2.5}{\376\377\000E\000v\000a\000l\000u\000a\000t\000i\000o\000n\000\040\000a\000n\000d\000\040\000O\000p\000t\000i\000m\000i\000z\000a\000t\000i\000o\000n\000\040\000o\000f\000\040\000M\000u\000l\000t\000i\000-\000A\000g\000e\000n\000t\000\040\000S\000y\000s\000t\000e\000m\000s}{section.2}% 7
\BOOKMARK [2][-]{subsection.2.6}{\376\377\000C\000o\000n\000t\000r\000i\000b\000u\000t\000i\000o\000n\000s\000\040\000t\000o\000\040\000A\000I\000\040\000P\000l\000u\000r\000a\000l\000i\000s\000m}{section.2}% 8
\BOOKMARK [1][-]{section.3}{\376\377\000B\000u\000i\000l\000d\000i\000n\000g\000\040\000M\000u\000l\000t\000i\000\040\000A\000g\000e\000n\000t\000\040\000F\000r\000a\000m\000e\000w\000o\000r\000k\000s}{}% 9
\BOOKMARK [2][-]{subsection.3.1}{\376\377\000I\000n\000t\000r\000o\000d\000u\000c\000t\000i\000o\000n\000\040\000t\000o\000\040\000S\000t\000a\000t\000e\000\040\000a\000n\000d\000\040\000C\000o\000m\000p\000o\000n\000e\000n\000t\000\040\000M\000a\000n\000a\000g\000e\000m\000e\000n\000t\000\040\000i\000n\000\040\000J\000a\000v\000a\000S\000c\000r\000i\000p\000t\000\040\000F\000r\000a\000m\000e\000w\000o\000r\000k\000s}{section.3}% 10
\BOOKMARK [2][-]{subsection.3.2}{\376\377\000I\000n\000t\000r\000o\000d\000u\000c\000t\000i\000o\000n\000\040\000t\000o\000\040\000M\000u\000l\000t\000i\000-\000A\000g\000e\000n\000t\000\040\000F\000r\000a\000m\000e\000w\000o\000r\000k\000s}{section.3}% 11
\BOOKMARK [1][-]{section.4}{\376\377\000T\000h\000e\000\040\000R\000e\000t\000r\000i\000e\000v\000a\000l\000\040\000A\000r\000c\000h\000i\000t\000e\000c\000t\000u\000r\000e}{}% 12
\BOOKMARK [2][-]{subsection.4.1}{\376\377\000T\000y\000p\000e\000s\000\040\000o\000f\000\040\000R\000e\000t\000r\000i\000e\000v\000a\000l\000\040\000N\000o\000d\000e\000s}{section.4}% 13
\BOOKMARK [3][-]{subsubsection.4.1.1}{\376\377\000K\000n\000o\000w\000l\000e\000d\000g\000e\000\040\000N\000o\000d\000e}{subsection.4.1}% 14
\BOOKMARK [3][-]{subsubsection.4.1.2}{\376\377\000B\000e\000l\000i\000e\000f\000\040\000N\000o\000d\000e}{subsection.4.1}% 15
\BOOKMARK [3][-]{subsubsection.4.1.3}{\376\377\000M\000e\000m\000o\000r\000y\000\040\000N\000o\000d\000e}{subsection.4.1}% 16
\BOOKMARK [3][-]{subsubsection.4.1.4}{\376\377\000R\000e\000l\000a\000t\000i\000o\000n\000s\000h\000i\000p\000\040\000N\000o\000d\000e}{subsection.4.1}% 17
\BOOKMARK [2][-]{subsection.4.2}{\376\377\000D\000y\000n\000a\000m\000i\000c\000a\000l\000l\000y\000\040\000A\000d\000d\000i\000n\000g\000\040\000N\000o\000d\000e\000s\000\040\000t\000o\000\040\000t\000h\000e\000\040\000R\000e\000t\000r\000i\000e\000v\000a\000l\000\040\000S\000y\000s\000t\000e\000m}{section.4}% 18
\BOOKMARK [2][-]{subsection.4.3}{\376\377\000R\000e\000t\000r\000i\000e\000v\000a\000l\000\040\000N\000o\000d\000e\000s\000\040\000a\000n\000d\000\040\000A\000d\000j\000a\000c\000e\000n\000c\000y\000\040\000M\000a\000t\000r\000i\000c\000e\000s\000:\000\040\000N\000o\000d\000e\000s\000\040\000t\000h\000a\000t\000\040\000F\000i\000r\000e\000\040\000T\000o\000g\000e\000t\000h\000e\000r\000\040\000W\000i\000r\000e\000\040\000T\000o\000g\000e\000t\000h\000e\000r}{section.4}% 19
\BOOKMARK [1][-]{section.5}{\376\377\000T\000h\000e\000\040\000G\000e\000n\000e\000r\000a\000t\000i\000v\000e\000\040\000A\000r\000c\000h\000i\000t\000e\000c\000t\000u\000r\000e}{}% 20
\BOOKMARK [2][-]{subsection.5.1}{\376\377\000A\000g\000e\000n\000t\000\040\000S\000t\000a\000t\000e\000\040\000a\000n\000d\000\040\000i\000t\000s\000\040\000M\000o\000t\000i\000v\000a\000t\000i\000o\000n}{section.5}% 21
\BOOKMARK [2][-]{subsection.5.2}{\376\377\000E\000v\000o\000l\000u\000t\000i\000o\000n\000a\000r\000y\000\040\000M\000o\000d\000e\000l\000\040\000M\000e\000r\000g\000i\000n\000g\000\040\000\040\000M\000i\000x\000i\000n\000g}{section.5}% 22
\BOOKMARK [1][-]{section.6}{\376\377\000T\000h\000e\000\040\000S\000i\000t\000u\000a\000t\000i\000o\000n}{}% 23
\BOOKMARK [2][-]{subsection.6.1}{\376\377\000E\000x\000a\000m\000p\000l\000e\000s\000\040\000o\000f\000\040\000L\000a\000n\000g\000u\000a\000g\000e\000\040\000G\000a\000m\000e\000s}{section.6}% 24
\BOOKMARK [2][-]{subsection.6.2}{\376\377\000I\000n\000c\000o\000r\000p\000o\000r\000a\000t\000i\000n\000g\000\040\000L\000a\000n\000g\000u\000a\000g\000e\000\040\000G\000a\000m\000e\000s\000\040\000a\000s\000\040\000a\000\040\000M\000e\000c\000h\000a\000n\000i\000s\000m\000\040\000f\000o\000r\000\040\000M\000o\000d\000e\000l\000\040\000E\000v\000o\000l\000u\000t\000i\000o\000n}{section.6}% 25
\BOOKMARK [1][-]{section.7}{\376\377\000E\000x\000p\000e\000r\000i\000m\000e\000n\000t\000a\000l\000\040\000D\000e\000s\000i\000g\000n}{}% 26
\BOOKMARK [2][-]{subsection.7.1}{\376\377\000R\000e\000t\000r\000i\000e\000v\000a\000l}{section.7}% 27
\BOOKMARK [2][-]{subsection.7.2}{\376\377\000G\000e\000n\000e\000r\000a\000t\000i\000v\000e\000\040\000M\000o\000d\000i\000f\000i\000c\000a\000t\000i\000o\000n\000s\000\040\000a\000n\000d\000\040\000E\000v\000o\000l\000u\000t\000i\000o\000n\000a\000r\000y\000\040\000m\000o\000d\000i\000f\000i\000c\000a\000t\000i\000o\000n\000s}{section.7}% 28
\BOOKMARK [2][-]{subsection.7.3}{\376\377\000S\000e\000t\000u\000p\000\040\040\023\000\040\000T\000h\000e\000\040\000E\000v\000o\000l\000u\000t\000i\000o\000n\000a\000r\000y\000\040\000L\000a\000n\000g\000u\000a\000g\000e\000\040\000G\000a\000m\000e}{section.7}% 29
\BOOKMARK [3][-]{subsubsection.7.3.1}{\376\377\000T\000r\000i\000b\000a\000l\000\040\000P\000o\000l\000i\000t\000i\000c\000s}{subsection.7.3}% 30
\BOOKMARK [3][-]{subsubsection.7.3.2}{\376\377\000C\000a\000p\000i\000t\000a\000l\000\040\000A\000l\000l\000o\000c\000a\000t\000i\000o\000n}{subsection.7.3}% 31
\BOOKMARK [3][-]{subsubsection.7.3.3}{\376\377\000E\000v\000o\000l\000u\000t\000i\000o\000n\000\040\000a\000n\000d\000\040\000G\000e\000n\000e\000r\000a\000t\000i\000o\000n\000a\000l\000\040\000I\000n\000h\000e\000r\000i\000t\000a\000n\000c\000e}{subsection.7.3}% 32
\BOOKMARK [1][-]{section.8}{\376\377\000R\000e\000s\000u\000l\000t\000s}{}% 33
\BOOKMARK [1][-]{section.9}{\376\377\000D\000i\000s\000c\000u\000s\000s\000i\000o\000n}{}% 34
\BOOKMARK [1][-]{section.10}{\376\377\000M\000i\000l\000e\000s\000t\000o\000n\000e\000s}{}% 35
\BOOKMARK [1][-]{section.11}{\376\377\000C\000o\000n\000c\000l\000u\000s\000i\000o\000n}{}% 36
